{"/Users/antoninatyurina/rsschool-react-course/src/App.tsx": {"path":"/Users/antoninatyurina/rsschool-react-course/src/App.tsx","all":false,"statementMap":{"0":{"start":{"line":1,"column":0},"end":{"line":1,"column":35}},"1":{"start":{"line":2,"column":0},"end":{"line":2,"column":61}},"2":{"start":{"line":3,"column":0},"end":{"line":3,"column":37}},"3":{"start":{"line":4,"column":0},"end":{"line":4,"column":61}},"4":{"start":{"line":5,"column":0},"end":{"line":5,"column":58}},"5":{"start":{"line":6,"column":0},"end":{"line":6,"column":63}},"6":{"start":{"line":7,"column":0},"end":{"line":7,"column":54}},"8":{"start":{"line":9,"column":0},"end":{"line":9,"column":16}},"9":{"start":{"line":10,"column":0},"end":{"line":10,"column":49}},"10":{"start":{"line":11,"column":0},"end":{"line":11,"column":10}},"11":{"start":{"line":12,"column":0},"end":{"line":12,"column":8}},"12":{"start":{"line":13,"column":0},"end":{"line":13,"column":84}},"13":{"start":{"line":14,"column":0},"end":{"line":14,"column":25}},"15":{"start":{"line":16,"column":0},"end":{"line":16,"column":21}},"16":{"start":{"line":17,"column":0},"end":{"line":17,"column":20}},"17":{"start":{"line":18,"column":0},"end":{"line":18,"column":22}},"18":{"start":{"line":19,"column":0},"end":{"line":19,"column":18}},"19":{"start":{"line":20,"column":0},"end":{"line":20,"column":22}},"20":{"start":{"line":21,"column":0},"end":{"line":21,"column":10}},"22":{"start":{"line":23,"column":0},"end":{"line":23,"column":1}},"24":{"start":{"line":25,"column":0},"end":{"line":25,"column":19}}},"s":{"0":1,"1":1,"2":1,"3":1,"4":1,"5":1,"6":1,"8":2,"9":2,"10":2,"11":2,"12":2,"13":2,"15":2,"16":2,"17":2,"18":2,"19":2,"20":2,"22":2,"24":1},"branchMap":{"0":{"type":"branch","line":9,"loc":{"start":{"line":9,"column":0},"end":{"line":23,"column":1}},"locations":[{"start":{"line":9,"column":0},"end":{"line":23,"column":1}}]},"1":{"type":"branch","line":13,"loc":{"start":{"line":13,"column":49},"end":{"line":13,"column":81}},"locations":[{"start":{"line":13,"column":49},"end":{"line":13,"column":81}}]}},"b":{"0":[2],"1":[0]},"fnMap":{"0":{"name":"App","decl":{"start":{"line":9,"column":0},"end":{"line":23,"column":1}},"loc":{"start":{"line":9,"column":0},"end":{"line":23,"column":1}},"line":9}},"f":{"0":2}}
,"/Users/antoninatyurina/rsschool-react-course/src/main.tsx": {"path":"/Users/antoninatyurina/rsschool-react-course/src/main.tsx","all":true,"statementMap":{"0":{"start":{"line":1,"column":0},"end":{"line":1,"column":40}},"1":{"start":{"line":2,"column":0},"end":{"line":2,"column":50}},"2":{"start":{"line":3,"column":0},"end":{"line":3,"column":39}},"3":{"start":{"line":4,"column":0},"end":{"line":4,"column":41}},"4":{"start":{"line":5,"column":0},"end":{"line":5,"column":21}},"5":{"start":{"line":6,"column":0},"end":{"line":6,"column":48}},"6":{"start":{"line":7,"column":0},"end":{"line":7,"column":51}},"8":{"start":{"line":9,"column":0},"end":{"line":9,"column":61}},"9":{"start":{"line":10,"column":0},"end":{"line":10,"column":33}},"10":{"start":{"line":11,"column":0},"end":{"line":11,"column":34}},"11":{"start":{"line":12,"column":0},"end":{"line":12,"column":40}},"12":{"start":{"line":13,"column":0},"end":{"line":13,"column":20}},"13":{"start":{"line":14,"column":0},"end":{"line":14,"column":13}},"14":{"start":{"line":15,"column":0},"end":{"line":15,"column":2}}},"s":{"0":0,"1":0,"2":0,"3":0,"4":0,"5":0,"6":0,"8":0,"9":0,"10":0,"11":0,"12":0,"13":0,"14":0},"branchMap":{"0":{"type":"branch","line":1,"loc":{"start":{"line":1,"column":507},"end":{"line":15,"column":2}},"locations":[{"start":{"line":1,"column":507},"end":{"line":15,"column":2}}]}},"b":{"0":[0]},"fnMap":{"0":{"name":"(empty-report)","decl":{"start":{"line":1,"column":507},"end":{"line":15,"column":2}},"loc":{"start":{"line":1,"column":507},"end":{"line":15,"column":2}},"line":1}},"f":{"0":0}}
,"/Users/antoninatyurina/rsschool-react-course/src/app/hooks.ts": {"path":"/Users/antoninatyurina/rsschool-react-course/src/app/hooks.ts","all":false,"statementMap":{"0":{"start":{"line":1,"column":0},"end":{"line":1,"column":77}},"3":{"start":{"line":4,"column":0},"end":{"line":4,"column":63}},"4":{"start":{"line":5,"column":0},"end":{"line":5,"column":75}}},"s":{"0":1,"3":1,"4":1},"branchMap":{"0":{"type":"branch","line":4,"loc":{"start":{"line":4,"column":30},"end":{"line":4,"column":63}},"locations":[{"start":{"line":4,"column":30},"end":{"line":4,"column":63}}]}},"b":{"0":[50]},"fnMap":{"0":{"name":"useAppDispatch","decl":{"start":{"line":4,"column":30},"end":{"line":4,"column":63}},"loc":{"start":{"line":4,"column":30},"end":{"line":4,"column":63}},"line":4}},"f":{"0":50}}
,"/Users/antoninatyurina/rsschool-react-course/src/app/store.ts": {"path":"/Users/antoninatyurina/rsschool-react-course/src/app/store.ts","all":false,"statementMap":{"0":{"start":{"line":1,"column":0},"end":{"line":1,"column":67}},"1":{"start":{"line":2,"column":0},"end":{"line":2,"column":62}},"2":{"start":{"line":3,"column":0},"end":{"line":3,"column":60}},"3":{"start":{"line":4,"column":0},"end":{"line":4,"column":51}},"4":{"start":{"line":5,"column":0},"end":{"line":5,"column":68}},"6":{"start":{"line":7,"column":0},"end":{"line":7,"column":37}},"7":{"start":{"line":8,"column":0},"end":{"line":8,"column":26}},"8":{"start":{"line":9,"column":0},"end":{"line":9,"column":24}},"9":{"start":{"line":10,"column":0},"end":{"line":10,"column":32}},"10":{"start":{"line":11,"column":0},"end":{"line":11,"column":43}},"11":{"start":{"line":12,"column":0},"end":{"line":12,"column":3}},"13":{"start":{"line":14,"column":0},"end":{"line":14,"column":66}},"14":{"start":{"line":15,"column":0},"end":{"line":15,"column":18}},"15":{"start":{"line":16,"column":0},"end":{"line":16,"column":25}},"16":{"start":{"line":17,"column":0},"end":{"line":17,"column":19}},"17":{"start":{"line":18,"column":0},"end":{"line":18,"column":41}},"18":{"start":{"line":19,"column":0},"end":{"line":19,"column":57}},"19":{"start":{"line":20,"column":0},"end":{"line":20,"column":5}}},"s":{"0":1,"1":1,"2":1,"3":1,"4":1,"6":1,"7":1,"8":1,"9":1,"10":1,"11":1,"13":1,"14":5,"15":5,"16":5,"17":5,"18":5,"19":5},"branchMap":{"0":{"type":"branch","line":14,"loc":{"start":{"line":14,"column":26},"end":{"line":20,"column":5}},"locations":[{"start":{"line":14,"column":26},"end":{"line":20,"column":5}}]},"1":{"type":"branch","line":18,"loc":{"start":{"line":18,"column":16},"end":{"line":19,"column":57}},"locations":[{"start":{"line":18,"column":16},"end":{"line":19,"column":57}}]}},"b":{"0":[5],"1":[5]},"fnMap":{"0":{"name":"setupStore","decl":{"start":{"line":14,"column":26},"end":{"line":20,"column":5}},"loc":{"start":{"line":14,"column":26},"end":{"line":20,"column":5}},"line":14},"1":{"name":"middleware","decl":{"start":{"line":18,"column":16},"end":{"line":19,"column":57}},"loc":{"start":{"line":18,"column":16},"end":{"line":19,"column":57}},"line":18}},"f":{"0":5,"1":5}}
,"/Users/antoninatyurina/rsschool-react-course/src/components/Router/links.tsx": {"path":"/Users/antoninatyurina/rsschool-react-course/src/components/Router/links.tsx","all":false,"statementMap":{"0":{"start":{"line":1,"column":0},"end":{"line":1,"column":15}},"1":{"start":{"line":2,"column":0},"end":{"line":2,"column":12}},"2":{"start":{"line":3,"column":0},"end":{"line":3,"column":35}},"3":{"start":{"line":4,"column":0},"end":{"line":4,"column":25}},"4":{"start":{"line":5,"column":0},"end":{"line":5,"column":11}},"6":{"start":{"line":7,"column":0},"end":{"line":7,"column":21}}},"s":{"0":1,"1":1,"2":1,"3":1,"4":1,"6":1},"branchMap":{},"b":{},"fnMap":{},"f":{}}
,"/Users/antoninatyurina/rsschool-react-course/src/components/Router/router.tsx": {"path":"/Users/antoninatyurina/rsschool-react-course/src/components/Router/router.tsx","all":true,"statementMap":{"0":{"start":{"line":1,"column":0},"end":{"line":1,"column":55}},"1":{"start":{"line":2,"column":0},"end":{"line":2,"column":28}},"2":{"start":{"line":3,"column":0},"end":{"line":3,"column":28}},"3":{"start":{"line":4,"column":0},"end":{"line":4,"column":56}},"4":{"start":{"line":5,"column":0},"end":{"line":5,"column":49}},"6":{"start":{"line":7,"column":0},"end":{"line":7,"column":36}},"7":{"start":{"line":8,"column":0},"end":{"line":8,"column":3}},"8":{"start":{"line":9,"column":0},"end":{"line":9,"column":21}},"9":{"start":{"line":10,"column":0},"end":{"line":10,"column":21}},"10":{"start":{"line":11,"column":0},"end":{"line":11,"column":35}},"11":{"start":{"line":12,"column":0},"end":{"line":12,"column":15}},"12":{"start":{"line":13,"column":0},"end":{"line":13,"column":7}},"13":{"start":{"line":14,"column":0},"end":{"line":14,"column":32}},"14":{"start":{"line":15,"column":0},"end":{"line":15,"column":33}},"15":{"start":{"line":16,"column":0},"end":{"line":16,"column":8}},"16":{"start":{"line":17,"column":0},"end":{"line":17,"column":7}},"17":{"start":{"line":18,"column":0},"end":{"line":18,"column":33}},"18":{"start":{"line":19,"column":0},"end":{"line":19,"column":34}},"19":{"start":{"line":20,"column":0},"end":{"line":20,"column":8}},"20":{"start":{"line":21,"column":0},"end":{"line":21,"column":6}},"21":{"start":{"line":22,"column":0},"end":{"line":22,"column":4}},"22":{"start":{"line":23,"column":0},"end":{"line":23,"column":3}},"24":{"start":{"line":25,"column":0},"end":{"line":25,"column":22}}},"s":{"0":0,"1":0,"2":0,"3":0,"4":0,"6":0,"7":0,"8":0,"9":0,"10":0,"11":0,"12":0,"13":0,"14":0,"15":0,"16":0,"17":0,"18":0,"19":0,"20":0,"21":0,"22":0,"24":0},"branchMap":{"0":{"type":"branch","line":1,"loc":{"start":{"line":1,"column":568},"end":{"line":25,"column":22}},"locations":[{"start":{"line":1,"column":568},"end":{"line":25,"column":22}}]}},"b":{"0":[0]},"fnMap":{"0":{"name":"(empty-report)","decl":{"start":{"line":1,"column":568},"end":{"line":25,"column":22}},"loc":{"start":{"line":1,"column":568},"end":{"line":25,"column":22}},"line":1}},"f":{"0":0}}
,"/Users/antoninatyurina/rsschool-react-course/src/components/api/apiSlices.ts": {"path":"/Users/antoninatyurina/rsschool-react-course/src/components/api/apiSlices.ts","all":false,"statementMap":{"0":{"start":{"line":1,"column":0},"end":{"line":1,"column":73}},"3":{"start":{"line":4,"column":0},"end":{"line":4,"column":28}},"4":{"start":{"line":5,"column":0},"end":{"line":5,"column":21}},"5":{"start":{"line":6,"column":0},"end":{"line":6,"column":67}},"6":{"start":{"line":7,"column":0},"end":{"line":7,"column":28}},"7":{"start":{"line":8,"column":0},"end":{"line":8,"column":33}},"10":{"start":{"line":11,"column":0},"end":{"line":11,"column":7}},"11":{"start":{"line":12,"column":0},"end":{"line":12,"column":53}},"12":{"start":{"line":13,"column":0},"end":{"line":13,"column":24}},"13":{"start":{"line":14,"column":0},"end":{"line":14,"column":15}},"14":{"start":{"line":15,"column":0},"end":{"line":15,"column":9}},"15":{"start":{"line":16,"column":0},"end":{"line":16,"column":7}},"16":{"start":{"line":17,"column":0},"end":{"line":17,"column":47}},"17":{"start":{"line":18,"column":0},"end":{"line":18,"column":31}},"18":{"start":{"line":19,"column":0},"end":{"line":19,"column":30}},"19":{"start":{"line":20,"column":0},"end":{"line":20,"column":9}},"20":{"start":{"line":21,"column":0},"end":{"line":21,"column":7}},"21":{"start":{"line":22,"column":0},"end":{"line":22,"column":5}},"22":{"start":{"line":23,"column":0},"end":{"line":23,"column":3}},"24":{"start":{"line":25,"column":0},"end":{"line":25,"column":24}}},"s":{"0":1,"3":1,"4":1,"5":1,"6":1,"7":3,"10":3,"11":3,"12":4,"13":4,"14":4,"15":3,"16":3,"17":3,"18":11,"19":11,"20":3,"21":3,"22":1,"24":1},"branchMap":{"0":{"type":"branch","line":7,"loc":{"start":{"line":7,"column":13},"end":{"line":22,"column":5}},"locations":[{"start":{"line":7,"column":13},"end":{"line":22,"column":5}}]},"1":{"type":"branch","line":12,"loc":{"start":{"line":12,"column":13},"end":{"line":15,"column":9}},"locations":[{"start":{"line":12,"column":13},"end":{"line":15,"column":9}}]},"2":{"type":"branch","line":18,"loc":{"start":{"line":18,"column":13},"end":{"line":20,"column":9}},"locations":[{"start":{"line":18,"column":13},"end":{"line":20,"column":9}}]}},"b":{"0":[3],"1":[4],"2":[11]},"fnMap":{"0":{"name":"endpoints","decl":{"start":{"line":7,"column":13},"end":{"line":22,"column":5}},"loc":{"start":{"line":7,"column":13},"end":{"line":22,"column":5}},"line":7},"1":{"name":"query","decl":{"start":{"line":12,"column":13},"end":{"line":15,"column":9}},"loc":{"start":{"line":12,"column":13},"end":{"line":15,"column":9}},"line":12},"2":{"name":"query","decl":{"start":{"line":18,"column":13},"end":{"line":20,"column":9}},"loc":{"start":{"line":18,"column":13},"end":{"line":20,"column":9}},"line":18}},"f":{"0":3,"1":4,"2":11}}
,"/Users/antoninatyurina/rsschool-react-course/src/components/ui/404Page/404Page.tsx": {"path":"/Users/antoninatyurina/rsschool-react-course/src/components/ui/404Page/404Page.tsx","all":true,"statementMap":{"0":{"start":{"line":1,"column":0},"end":{"line":1,"column":47}},"1":{"start":{"line":2,"column":0},"end":{"line":2,"column":43}},"3":{"start":{"line":4,"column":0},"end":{"line":4,"column":25}},"4":{"start":{"line":5,"column":0},"end":{"line":5,"column":33}},"6":{"start":{"line":7,"column":0},"end":{"line":7,"column":10}},"7":{"start":{"line":8,"column":0},"end":{"line":8,"column":39}},"8":{"start":{"line":9,"column":0},"end":{"line":9,"column":40}},"9":{"start":{"line":10,"column":0},"end":{"line":10,"column":45}},"10":{"start":{"line":11,"column":0},"end":{"line":11,"column":44}},"11":{"start":{"line":12,"column":0},"end":{"line":12,"column":71}},"12":{"start":{"line":13,"column":0},"end":{"line":13,"column":64}},"14":{"start":{"line":15,"column":0},"end":{"line":15,"column":21}},"15":{"start":{"line":16,"column":0},"end":{"line":16,"column":16}},"16":{"start":{"line":17,"column":0},"end":{"line":17,"column":48}},"17":{"start":{"line":18,"column":0},"end":{"line":18,"column":63}},"18":{"start":{"line":19,"column":0},"end":{"line":19,"column":16}},"19":{"start":{"line":20,"column":0},"end":{"line":20,"column":14}},"20":{"start":{"line":21,"column":0},"end":{"line":21,"column":16}},"21":{"start":{"line":22,"column":0},"end":{"line":22,"column":11}},"23":{"start":{"line":24,"column":0},"end":{"line":24,"column":1}},"25":{"start":{"line":26,"column":0},"end":{"line":26,"column":28}}},"s":{"0":0,"1":0,"3":0,"4":0,"6":0,"7":0,"8":0,"9":0,"10":0,"11":0,"12":0,"14":0,"15":0,"16":0,"17":0,"18":0,"19":0,"20":0,"21":0,"23":0,"25":0},"branchMap":{"0":{"type":"branch","line":1,"loc":{"start":{"line":1,"column":0},"end":{"line":26,"column":-447}},"locations":[{"start":{"line":1,"column":0},"end":{"line":26,"column":-447}}]}},"b":{"0":[0]},"fnMap":{"0":{"name":"(empty-report)","decl":{"start":{"line":1,"column":0},"end":{"line":26,"column":-447}},"loc":{"start":{"line":1,"column":0},"end":{"line":26,"column":-447}},"line":1}},"f":{"0":0}}
,"/Users/antoninatyurina/rsschool-react-course/src/components/ui/DetailsPage/DetailsPage.tsx": {"path":"/Users/antoninatyurina/rsschool-react-course/src/components/ui/DetailsPage/DetailsPage.tsx","all":true,"statementMap":{"0":{"start":{"line":1,"column":0},"end":{"line":1,"column":58}},"1":{"start":{"line":2,"column":0},"end":{"line":2,"column":47}},"2":{"start":{"line":3,"column":0},"end":{"line":3,"column":46}},"3":{"start":{"line":4,"column":0},"end":{"line":4,"column":41}},"4":{"start":{"line":5,"column":0},"end":{"line":5,"column":52}},"5":{"start":{"line":6,"column":0},"end":{"line":6,"column":43}},"7":{"start":{"line":8,"column":0},"end":{"line":8,"column":24}},"8":{"start":{"line":9,"column":0},"end":{"line":9,"column":35}},"9":{"start":{"line":10,"column":0},"end":{"line":10,"column":44}},"11":{"start":{"line":12,"column":0},"end":{"line":12,"column":77}},"13":{"start":{"line":14,"column":0},"end":{"line":14,"column":33}},"15":{"start":{"line":16,"column":0},"end":{"line":16,"column":27}},"16":{"start":{"line":17,"column":0},"end":{"line":17,"column":17}},"17":{"start":{"line":18,"column":0},"end":{"line":18,"column":37}},"18":{"start":{"line":19,"column":0},"end":{"line":19,"column":5}},"19":{"start":{"line":20,"column":0},"end":{"line":20,"column":4}},"21":{"start":{"line":22,"column":0},"end":{"line":22,"column":74}},"22":{"start":{"line":23,"column":0},"end":{"line":23,"column":10}},"23":{"start":{"line":24,"column":0},"end":{"line":24,"column":39}},"24":{"start":{"line":25,"column":0},"end":{"line":25,"column":21}},"25":{"start":{"line":26,"column":0},"end":{"line":26,"column":19}},"27":{"start":{"line":28,"column":0},"end":{"line":28,"column":10}},"28":{"start":{"line":29,"column":0},"end":{"line":29,"column":46}},"29":{"start":{"line":30,"column":0},"end":{"line":30,"column":17}},"30":{"start":{"line":31,"column":0},"end":{"line":31,"column":16}},"31":{"start":{"line":32,"column":0},"end":{"line":32,"column":49}},"32":{"start":{"line":33,"column":0},"end":{"line":33,"column":107}},"33":{"start":{"line":34,"column":0},"end":{"line":34,"column":47}},"34":{"start":{"line":35,"column":0},"end":{"line":35,"column":48}},"35":{"start":{"line":36,"column":0},"end":{"line":36,"column":41}},"36":{"start":{"line":37,"column":0},"end":{"line":37,"column":31}},"37":{"start":{"line":38,"column":0},"end":{"line":38,"column":84}},"38":{"start":{"line":39,"column":0},"end":{"line":39,"column":16}},"39":{"start":{"line":40,"column":0},"end":{"line":40,"column":26}},"40":{"start":{"line":41,"column":0},"end":{"line":41,"column":14}},"41":{"start":{"line":42,"column":0},"end":{"line":42,"column":16}},"42":{"start":{"line":43,"column":0},"end":{"line":43,"column":43}},"43":{"start":{"line":44,"column":0},"end":{"line":44,"column":63}},"44":{"start":{"line":45,"column":0},"end":{"line":45,"column":49}},"45":{"start":{"line":46,"column":0},"end":{"line":46,"column":35}},"46":{"start":{"line":47,"column":0},"end":{"line":47,"column":80}},"47":{"start":{"line":48,"column":0},"end":{"line":48,"column":16}},"48":{"start":{"line":49,"column":0},"end":{"line":49,"column":49}},"49":{"start":{"line":50,"column":0},"end":{"line":50,"column":34}},"50":{"start":{"line":51,"column":0},"end":{"line":51,"column":79}},"51":{"start":{"line":52,"column":0},"end":{"line":52,"column":16}},"52":{"start":{"line":53,"column":0},"end":{"line":53,"column":49}},"54":{"start":{"line":55,"column":0},"end":{"line":55,"column":73}},"55":{"start":{"line":56,"column":0},"end":{"line":56,"column":16}},"56":{"start":{"line":57,"column":0},"end":{"line":57,"column":49}},"57":{"start":{"line":58,"column":0},"end":{"line":58,"column":27}},"58":{"start":{"line":59,"column":0},"end":{"line":59,"column":72}},"59":{"start":{"line":60,"column":0},"end":{"line":60,"column":16}},"60":{"start":{"line":61,"column":0},"end":{"line":61,"column":49}},"61":{"start":{"line":62,"column":0},"end":{"line":62,"column":27}},"62":{"start":{"line":63,"column":0},"end":{"line":63,"column":72}},"63":{"start":{"line":64,"column":0},"end":{"line":64,"column":16}},"64":{"start":{"line":65,"column":0},"end":{"line":65,"column":49}},"65":{"start":{"line":66,"column":0},"end":{"line":66,"column":27}},"66":{"start":{"line":67,"column":0},"end":{"line":67,"column":72}},"67":{"start":{"line":68,"column":0},"end":{"line":68,"column":16}},"68":{"start":{"line":69,"column":0},"end":{"line":69,"column":49}},"69":{"start":{"line":70,"column":0},"end":{"line":70,"column":30}},"70":{"start":{"line":71,"column":0},"end":{"line":71,"column":75}},"71":{"start":{"line":72,"column":0},"end":{"line":72,"column":16}},"72":{"start":{"line":73,"column":0},"end":{"line":73,"column":16}},"73":{"start":{"line":74,"column":0},"end":{"line":74,"column":80}},"75":{"start":{"line":76,"column":0},"end":{"line":76,"column":19}},"76":{"start":{"line":77,"column":0},"end":{"line":77,"column":11}},"78":{"start":{"line":79,"column":0},"end":{"line":79,"column":10}},"80":{"start":{"line":81,"column":0},"end":{"line":81,"column":1}},"82":{"start":{"line":83,"column":0},"end":{"line":83,"column":27}}},"s":{"0":0,"1":0,"2":0,"3":0,"4":0,"5":0,"7":0,"8":0,"9":0,"11":0,"13":0,"15":0,"16":0,"17":0,"18":0,"19":0,"21":0,"22":0,"23":0,"24":0,"25":0,"27":0,"28":0,"29":0,"30":0,"31":0,"32":0,"33":0,"34":0,"35":0,"36":0,"37":0,"38":0,"39":0,"40":0,"41":0,"42":0,"43":0,"44":0,"45":0,"46":0,"47":0,"48":0,"49":0,"50":0,"51":0,"52":0,"54":0,"55":0,"56":0,"57":0,"58":0,"59":0,"60":0,"61":0,"62":0,"63":0,"64":0,"65":0,"66":0,"67":0,"68":0,"69":0,"70":0,"71":0,"72":0,"73":0,"75":0,"76":0,"78":0,"80":0,"82":0},"branchMap":{"0":{"type":"branch","line":1,"loc":{"start":{"line":1,"column":0},"end":{"line":83,"column":-2054}},"locations":[{"start":{"line":1,"column":0},"end":{"line":83,"column":-2054}}]}},"b":{"0":[0]},"fnMap":{"0":{"name":"(empty-report)","decl":{"start":{"line":1,"column":0},"end":{"line":83,"column":-2054}},"loc":{"start":{"line":1,"column":0},"end":{"line":83,"column":-2054}},"line":1}},"f":{"0":0}}
,"/Users/antoninatyurina/rsschool-react-course/src/components/ui/FlyoutElement/downloadBtn.tsx": {"path":"/Users/antoninatyurina/rsschool-react-course/src/components/ui/FlyoutElement/downloadBtn.tsx","all":false,"statementMap":{"0":{"start":{"line":1,"column":0},"end":{"line":1,"column":52}},"1":{"start":{"line":2,"column":0},"end":{"line":2,"column":40}},"3":{"start":{"line":4,"column":0},"end":{"line":4,"column":42}},"4":{"start":{"line":5,"column":0},"end":{"line":5,"column":59}},"5":{"start":{"line":6,"column":0},"end":{"line":6,"column":19}},"6":{"start":{"line":7,"column":0},"end":{"line":7,"column":20}},"7":{"start":{"line":8,"column":0},"end":{"line":8,"column":40}},"8":{"start":{"line":9,"column":0},"end":{"line":9,"column":21}},"9":{"start":{"line":10,"column":0},"end":{"line":10,"column":23}},"10":{"start":{"line":11,"column":0},"end":{"line":11,"column":28}},"11":{"start":{"line":12,"column":0},"end":{"line":12,"column":38}},"12":{"start":{"line":13,"column":0},"end":{"line":13,"column":7}},"13":{"start":{"line":14,"column":0},"end":{"line":14,"column":29}},"14":{"start":{"line":15,"column":0},"end":{"line":15,"column":39}},"15":{"start":{"line":16,"column":0},"end":{"line":16,"column":7}},"16":{"start":{"line":17,"column":0},"end":{"line":17,"column":3}},"17":{"start":{"line":18,"column":0},"end":{"line":18,"column":72}},"18":{"start":{"line":19,"column":0},"end":{"line":19,"column":46}},"20":{"start":{"line":21,"column":0},"end":{"line":21,"column":10}},"21":{"start":{"line":22,"column":0},"end":{"line":22,"column":6}},"22":{"start":{"line":23,"column":0},"end":{"line":23,"column":30}},"23":{"start":{"line":24,"column":0},"end":{"line":24,"column":28}},"24":{"start":{"line":25,"column":0},"end":{"line":25,"column":22}},"25":{"start":{"line":26,"column":0},"end":{"line":26,"column":45}},"26":{"start":{"line":27,"column":0},"end":{"line":27,"column":5}},"28":{"start":{"line":29,"column":0},"end":{"line":29,"column":8}},"30":{"start":{"line":31,"column":0},"end":{"line":31,"column":1}}},"s":{"0":1,"1":1,"3":0,"4":0,"5":0,"6":0,"7":0,"8":0,"9":0,"10":0,"11":0,"12":0,"13":0,"14":0,"15":0,"16":0,"17":0,"18":0,"20":0,"21":0,"22":0,"23":0,"24":0,"25":0,"26":0,"28":0,"30":0},"branchMap":{},"b":{},"fnMap":{"0":{"name":"DownloadButton","decl":{"start":{"line":4,"column":0},"end":{"line":31,"column":1}},"loc":{"start":{"line":4,"column":0},"end":{"line":31,"column":1}},"line":4}},"f":{"0":0}}
,"/Users/antoninatyurina/rsschool-react-course/src/components/ui/FlyoutElement/flyout.tsx": {"path":"/Users/antoninatyurina/rsschool-react-course/src/components/ui/FlyoutElement/flyout.tsx","all":false,"statementMap":{"0":{"start":{"line":1,"column":0},"end":{"line":1,"column":68}},"1":{"start":{"line":2,"column":0},"end":{"line":2,"column":60}},"3":{"start":{"line":4,"column":0},"end":{"line":4,"column":40}},"4":{"start":{"line":5,"column":0},"end":{"line":5,"column":43}},"6":{"start":{"line":7,"column":0},"end":{"line":7,"column":34}},"7":{"start":{"line":8,"column":0},"end":{"line":8,"column":59}},"8":{"start":{"line":9,"column":0},"end":{"line":9,"column":36}},"10":{"start":{"line":11,"column":0},"end":{"line":11,"column":31}},"11":{"start":{"line":12,"column":0},"end":{"line":12,"column":36}},"12":{"start":{"line":13,"column":0},"end":{"line":13,"column":51}},"13":{"start":{"line":14,"column":0},"end":{"line":14,"column":7}},"14":{"start":{"line":15,"column":0},"end":{"line":15,"column":4}},"16":{"start":{"line":17,"column":0},"end":{"line":17,"column":10}},"17":{"start":{"line":18,"column":0},"end":{"line":18,"column":8}},"18":{"start":{"line":19,"column":0},"end":{"line":19,"column":80}},"19":{"start":{"line":20,"column":0},"end":{"line":20,"column":24}},"21":{"start":{"line":22,"column":0},"end":{"line":22,"column":13}},"22":{"start":{"line":23,"column":0},"end":{"line":23,"column":21}},"23":{"start":{"line":24,"column":0},"end":{"line":24,"column":32}},"24":{"start":{"line":25,"column":0},"end":{"line":25,"column":31}},"25":{"start":{"line":26,"column":0},"end":{"line":26,"column":30}},"26":{"start":{"line":27,"column":0},"end":{"line":27,"column":7}},"28":{"start":{"line":29,"column":0},"end":{"line":29,"column":15}},"29":{"start":{"line":30,"column":0},"end":{"line":30,"column":35}},"30":{"start":{"line":31,"column":0},"end":{"line":31,"column":47}},"31":{"start":{"line":32,"column":0},"end":{"line":32,"column":13}},"32":{"start":{"line":33,"column":0},"end":{"line":33,"column":52}},"33":{"start":{"line":34,"column":0},"end":{"line":34,"column":10}},"35":{"start":{"line":36,"column":0},"end":{"line":36,"column":1}}},"s":{"0":1,"1":1,"3":1,"4":1,"6":2,"7":2,"8":2,"10":2,"11":1,"12":0,"13":1,"14":1,"16":2,"17":2,"18":2,"19":2,"21":2,"22":2,"23":2,"24":2,"25":2,"26":2,"28":2,"29":2,"30":2,"31":2,"32":2,"33":2,"35":2},"branchMap":{"0":{"type":"branch","line":7,"loc":{"start":{"line":7,"column":0},"end":{"line":36,"column":1}},"locations":[{"start":{"line":7,"column":0},"end":{"line":36,"column":1}}]},"1":{"type":"branch","line":19,"loc":{"start":{"line":19,"column":22},"end":{"line":19,"column":60}},"locations":[{"start":{"line":19,"column":22},"end":{"line":19,"column":60}}]},"2":{"type":"branch","line":33,"loc":{"start":{"line":33,"column":22},"end":{"line":33,"column":47}},"locations":[{"start":{"line":33,"column":22},"end":{"line":33,"column":47}}]},"3":{"type":"branch","line":8,"loc":{"start":{"line":8,"column":30},"end":{"line":8,"column":57}},"locations":[{"start":{"line":8,"column":30},"end":{"line":8,"column":57}}]},"4":{"type":"branch","line":11,"loc":{"start":{"line":11,"column":24},"end":{"line":15,"column":4}},"locations":[{"start":{"line":11,"column":24},"end":{"line":15,"column":4}}]}},"b":{"0":[2],"1":[0],"2":[0],"3":[11],"4":[1]},"fnMap":{"0":{"name":"Flyout","decl":{"start":{"line":7,"column":0},"end":{"line":36,"column":1}},"loc":{"start":{"line":7,"column":0},"end":{"line":36,"column":1}},"line":7},"1":{"name":"deleteAllFrom","decl":{"start":{"line":11,"column":24},"end":{"line":15,"column":4}},"loc":{"start":{"line":11,"column":24},"end":{"line":15,"column":4}},"line":11}},"f":{"0":2,"1":1}}
,"/Users/antoninatyurina/rsschool-react-course/src/components/ui/MainPage/SearchPage.tsx": {"path":"/Users/antoninatyurina/rsschool-react-course/src/components/ui/MainPage/SearchPage.tsx","all":false,"statementMap":{"0":{"start":{"line":1,"column":0},"end":{"line":1,"column":72}},"1":{"start":{"line":2,"column":0},"end":{"line":2,"column":45}},"2":{"start":{"line":3,"column":0},"end":{"line":3,"column":47}},"3":{"start":{"line":4,"column":0},"end":{"line":4,"column":35}},"4":{"start":{"line":5,"column":0},"end":{"line":5,"column":35}},"6":{"start":{"line":7,"column":0},"end":{"line":7,"column":41}},"7":{"start":{"line":8,"column":0},"end":{"line":8,"column":50}},"8":{"start":{"line":9,"column":0},"end":{"line":9,"column":52}},"9":{"start":{"line":10,"column":0},"end":{"line":10,"column":43}},"11":{"start":{"line":12,"column":0},"end":{"line":12,"column":23}},"12":{"start":{"line":13,"column":0},"end":{"line":13,"column":66}},"13":{"start":{"line":14,"column":0},"end":{"line":14,"column":35}},"14":{"start":{"line":15,"column":0},"end":{"line":15,"column":44}},"16":{"start":{"line":17,"column":0},"end":{"line":17,"column":33}},"17":{"start":{"line":18,"column":0},"end":{"line":18,"column":34}},"18":{"start":{"line":19,"column":0},"end":{"line":19,"column":39}},"19":{"start":{"line":20,"column":0},"end":{"line":20,"column":15}},"21":{"start":{"line":22,"column":0},"end":{"line":22,"column":24}},"22":{"start":{"line":23,"column":0},"end":{"line":23,"column":17}},"23":{"start":{"line":24,"column":0},"end":{"line":24,"column":37}},"24":{"start":{"line":25,"column":0},"end":{"line":25,"column":5}},"25":{"start":{"line":26,"column":0},"end":{"line":26,"column":4}},"27":{"start":{"line":28,"column":0},"end":{"line":28,"column":63}},"28":{"start":{"line":29,"column":0},"end":{"line":29,"column":27}},"29":{"start":{"line":30,"column":0},"end":{"line":30,"column":22}},"30":{"start":{"line":31,"column":0},"end":{"line":31,"column":5}},"32":{"start":{"line":33,"column":0},"end":{"line":33,"column":10}},"33":{"start":{"line":34,"column":0},"end":{"line":34,"column":6}},"34":{"start":{"line":35,"column":0},"end":{"line":35,"column":80}},"35":{"start":{"line":36,"column":0},"end":{"line":36,"column":13}},"36":{"start":{"line":37,"column":0},"end":{"line":37,"column":19}},"37":{"start":{"line":38,"column":0},"end":{"line":38,"column":14}},"38":{"start":{"line":39,"column":0},"end":{"line":39,"column":12}},"39":{"start":{"line":40,"column":0},"end":{"line":40,"column":20}},"40":{"start":{"line":41,"column":0},"end":{"line":41,"column":42}},"41":{"start":{"line":42,"column":0},"end":{"line":42,"column":23}},"42":{"start":{"line":43,"column":0},"end":{"line":43,"column":21}},"44":{"start":{"line":45,"column":0},"end":{"line":45,"column":47}},"45":{"start":{"line":46,"column":0},"end":{"line":46,"column":58}},"46":{"start":{"line":47,"column":0},"end":{"line":47,"column":22}},"47":{"start":{"line":48,"column":0},"end":{"line":48,"column":20}},"48":{"start":{"line":49,"column":0},"end":{"line":49,"column":50}},"49":{"start":{"line":50,"column":0},"end":{"line":50,"column":35}},"50":{"start":{"line":51,"column":0},"end":{"line":51,"column":43}},"52":{"start":{"line":53,"column":0},"end":{"line":53,"column":63}},"53":{"start":{"line":54,"column":0},"end":{"line":54,"column":23}},"54":{"start":{"line":55,"column":0},"end":{"line":55,"column":42}},"55":{"start":{"line":56,"column":0},"end":{"line":56,"column":81}},"56":{"start":{"line":57,"column":0},"end":{"line":57,"column":34}},"57":{"start":{"line":58,"column":0},"end":{"line":58,"column":70}},"59":{"start":{"line":60,"column":0},"end":{"line":60,"column":43}},"61":{"start":{"line":62,"column":0},"end":{"line":62,"column":73}},"63":{"start":{"line":64,"column":0},"end":{"line":64,"column":29}},"64":{"start":{"line":65,"column":0},"end":{"line":65,"column":25}},"65":{"start":{"line":66,"column":0},"end":{"line":66,"column":22}},"67":{"start":{"line":68,"column":0},"end":{"line":68,"column":15}},"68":{"start":{"line":69,"column":0},"end":{"line":69,"column":16}},"70":{"start":{"line":71,"column":0},"end":{"line":71,"column":18}},"71":{"start":{"line":72,"column":0},"end":{"line":72,"column":12}},"72":{"start":{"line":73,"column":0},"end":{"line":73,"column":7}},"74":{"start":{"line":75,"column":0},"end":{"line":75,"column":1}},"76":{"start":{"line":77,"column":0},"end":{"line":77,"column":26}}},"s":{"0":1,"1":1,"2":1,"3":1,"4":1,"6":1,"7":1,"8":1,"9":1,"11":10,"12":10,"13":10,"14":10,"16":10,"17":10,"18":10,"19":10,"21":10,"22":1,"23":0,"24":0,"25":1,"27":10,"28":10,"29":10,"30":10,"32":10,"33":10,"34":10,"35":10,"36":10,"37":10,"38":10,"39":10,"40":10,"41":10,"42":8,"44":2,"45":2,"46":11,"47":11,"48":11,"49":11,"50":11,"52":11,"53":11,"54":11,"55":11,"56":11,"57":0,"59":11,"61":11,"63":11,"64":11,"65":11,"67":2,"68":2,"70":10,"71":10,"72":10,"74":10,"76":1},"branchMap":{"0":{"type":"branch","line":12,"loc":{"start":{"line":12,"column":0},"end":{"line":75,"column":1}},"locations":[{"start":{"line":12,"column":0},"end":{"line":75,"column":1}}]},"1":{"type":"branch","line":15,"loc":{"start":{"line":15,"column":24},"end":{"line":15,"column":40}},"locations":[{"start":{"line":15,"column":24},"end":{"line":15,"column":40}}]},"2":{"type":"branch","line":42,"loc":{"start":{"line":42,"column":9},"end":{"line":43,"column":21}},"locations":[{"start":{"line":42,"column":9},"end":{"line":43,"column":21}}]},"3":{"type":"branch","line":43,"loc":{"start":{"line":43,"column":19},"end":{"line":69,"column":16}},"locations":[{"start":{"line":43,"column":19},"end":{"line":69,"column":16}}]},"4":{"type":"branch","line":13,"loc":{"start":{"line":13,"column":35},"end":{"line":13,"column":64}},"locations":[{"start":{"line":13,"column":35},"end":{"line":13,"column":64}}]},"5":{"type":"branch","line":19,"loc":{"start":{"line":19,"column":4},"end":{"line":19,"column":39}},"locations":[{"start":{"line":19,"column":4},"end":{"line":19,"column":39}}]},"6":{"type":"branch","line":19,"loc":{"start":{"line":19,"column":29},"end":{"line":19,"column":39}},"locations":[{"start":{"line":19,"column":29},"end":{"line":19,"column":39}}]},"7":{"type":"branch","line":22,"loc":{"start":{"line":22,"column":17},"end":{"line":26,"column":4}},"locations":[{"start":{"line":22,"column":17},"end":{"line":26,"column":4}}]},"8":{"type":"branch","line":23,"loc":{"start":{"line":23,"column":16},"end":{"line":25,"column":5}},"locations":[{"start":{"line":23,"column":16},"end":{"line":25,"column":5}}]},"9":{"type":"branch","line":46,"loc":{"start":{"line":46,"column":32},"end":{"line":68,"column":13}},"locations":[{"start":{"line":46,"column":32},"end":{"line":68,"column":13}}]}},"b":{"0":[10],"1":[0],"2":[8],"3":[2],"4":[27],"5":[27],"6":[0],"7":[1],"8":[0],"9":[11]},"fnMap":{"0":{"name":"SearchPage","decl":{"start":{"line":12,"column":0},"end":{"line":75,"column":1}},"loc":{"start":{"line":12,"column":0},"end":{"line":75,"column":1}},"line":12},"1":{"name":"goBack","decl":{"start":{"line":22,"column":17},"end":{"line":26,"column":4}},"loc":{"start":{"line":22,"column":17},"end":{"line":26,"column":4}},"line":22},"2":{"name":"onClick","decl":{"start":{"line":57,"column":29},"end":{"line":58,"column":70}},"loc":{"start":{"line":57,"column":29},"end":{"line":58,"column":70}},"line":57}},"f":{"0":10,"1":1,"2":0}}
,"/Users/antoninatyurina/rsschool-react-course/src/components/ui/cards/cards.tsx": {"path":"/Users/antoninatyurina/rsschool-react-course/src/components/ui/cards/cards.tsx","all":false,"statementMap":{"0":{"start":{"line":1,"column":0},"end":{"line":1,"column":33}},"1":{"start":{"line":2,"column":0},"end":{"line":2,"column":39}},"3":{"start":{"line":4,"column":0},"end":{"line":4,"column":68}},"4":{"start":{"line":5,"column":0},"end":{"line":5,"column":70}},"5":{"start":{"line":6,"column":0},"end":{"line":6,"column":43}},"6":{"start":{"line":7,"column":0},"end":{"line":7,"column":41}},"8":{"start":{"line":9,"column":0},"end":{"line":9,"column":40}},"9":{"start":{"line":10,"column":0},"end":{"line":10,"column":40}},"10":{"start":{"line":11,"column":0},"end":{"line":11,"column":64}},"11":{"start":{"line":12,"column":0},"end":{"line":12,"column":4}},"12":{"start":{"line":13,"column":0},"end":{"line":13,"column":36}},"13":{"start":{"line":14,"column":0},"end":{"line":14,"column":66}},"14":{"start":{"line":15,"column":0},"end":{"line":15,"column":30}},"15":{"start":{"line":16,"column":0},"end":{"line":16,"column":4}},"16":{"start":{"line":17,"column":0},"end":{"line":17,"column":36}},"18":{"start":{"line":19,"column":0},"end":{"line":19,"column":28}},"19":{"start":{"line":20,"column":0},"end":{"line":20,"column":16}},"20":{"start":{"line":21,"column":0},"end":{"line":21,"column":33}},"21":{"start":{"line":22,"column":0},"end":{"line":22,"column":12}},"22":{"start":{"line":23,"column":0},"end":{"line":23,"column":55}},"23":{"start":{"line":24,"column":0},"end":{"line":24,"column":5}},"24":{"start":{"line":25,"column":0},"end":{"line":25,"column":4}},"26":{"start":{"line":27,"column":0},"end":{"line":27,"column":10}},"27":{"start":{"line":28,"column":0},"end":{"line":28,"column":40}},"28":{"start":{"line":29,"column":0},"end":{"line":29,"column":21}},"29":{"start":{"line":30,"column":0},"end":{"line":30,"column":19}},"31":{"start":{"line":32,"column":0},"end":{"line":32,"column":10}},"32":{"start":{"line":33,"column":0},"end":{"line":33,"column":14}},"33":{"start":{"line":34,"column":0},"end":{"line":34,"column":39}},"34":{"start":{"line":35,"column":0},"end":{"line":35,"column":97}},"35":{"start":{"line":36,"column":0},"end":{"line":36,"column":45}},"36":{"start":{"line":37,"column":0},"end":{"line":37,"column":46}},"37":{"start":{"line":38,"column":0},"end":{"line":38,"column":39}},"38":{"start":{"line":39,"column":0},"end":{"line":39,"column":29}},"39":{"start":{"line":40,"column":0},"end":{"line":40,"column":82}},"40":{"start":{"line":41,"column":0},"end":{"line":41,"column":14}},"41":{"start":{"line":42,"column":0},"end":{"line":42,"column":24}},"42":{"start":{"line":43,"column":0},"end":{"line":43,"column":12}},"43":{"start":{"line":44,"column":0},"end":{"line":44,"column":42}},"44":{"start":{"line":45,"column":0},"end":{"line":45,"column":55}},"45":{"start":{"line":46,"column":0},"end":{"line":46,"column":16}},"46":{"start":{"line":47,"column":0},"end":{"line":47,"column":26}},"47":{"start":{"line":48,"column":0},"end":{"line":48,"column":46}},"48":{"start":{"line":49,"column":0},"end":{"line":49,"column":37}},"50":{"start":{"line":51,"column":0},"end":{"line":51,"column":20}},"51":{"start":{"line":52,"column":0},"end":{"line":52,"column":35}},"52":{"start":{"line":53,"column":0},"end":{"line":53,"column":39}},"53":{"start":{"line":54,"column":0},"end":{"line":54,"column":42}},"54":{"start":{"line":55,"column":0},"end":{"line":55,"column":31}},"55":{"start":{"line":56,"column":0},"end":{"line":56,"column":34}},"56":{"start":{"line":57,"column":0},"end":{"line":57,"column":45}},"57":{"start":{"line":58,"column":0},"end":{"line":58,"column":51}},"58":{"start":{"line":59,"column":0},"end":{"line":59,"column":16}},"59":{"start":{"line":60,"column":0},"end":{"line":60,"column":50}},"60":{"start":{"line":61,"column":0},"end":{"line":61,"column":20}},"61":{"start":{"line":62,"column":0},"end":{"line":62,"column":52}},"62":{"start":{"line":63,"column":0},"end":{"line":63,"column":46}},"63":{"start":{"line":64,"column":0},"end":{"line":64,"column":37}},"65":{"start":{"line":66,"column":0},"end":{"line":66,"column":430}},"66":{"start":{"line":67,"column":0},"end":{"line":67,"column":22}},"67":{"start":{"line":68,"column":0},"end":{"line":68,"column":20}},"68":{"start":{"line":69,"column":0},"end":{"line":69,"column":52}},"69":{"start":{"line":70,"column":0},"end":{"line":70,"column":45}},"70":{"start":{"line":71,"column":0},"end":{"line":71,"column":37}},"72":{"start":{"line":73,"column":0},"end":{"line":73,"column":220}},"73":{"start":{"line":74,"column":0},"end":{"line":74,"column":22}},"74":{"start":{"line":75,"column":0},"end":{"line":75,"column":20}},"75":{"start":{"line":76,"column":0},"end":{"line":76,"column":52}},"76":{"start":{"line":77,"column":0},"end":{"line":77,"column":30}},"77":{"start":{"line":78,"column":0},"end":{"line":78,"column":29}},"78":{"start":{"line":79,"column":0},"end":{"line":79,"column":48}},"80":{"start":{"line":81,"column":0},"end":{"line":81,"column":50}},"81":{"start":{"line":82,"column":0},"end":{"line":82,"column":50}},"82":{"start":{"line":83,"column":0},"end":{"line":83,"column":50}},"83":{"start":{"line":84,"column":0},"end":{"line":84,"column":50}},"84":{"start":{"line":85,"column":0},"end":{"line":85,"column":50}},"85":{"start":{"line":86,"column":0},"end":{"line":86,"column":50}},"86":{"start":{"line":87,"column":0},"end":{"line":87,"column":22}},"87":{"start":{"line":88,"column":0},"end":{"line":88,"column":20}},"88":{"start":{"line":89,"column":0},"end":{"line":89,"column":18}},"89":{"start":{"line":90,"column":0},"end":{"line":90,"column":16}},"90":{"start":{"line":91,"column":0},"end":{"line":91,"column":11}},"92":{"start":{"line":93,"column":0},"end":{"line":93,"column":10}},"94":{"start":{"line":95,"column":0},"end":{"line":95,"column":1}},"96":{"start":{"line":97,"column":0},"end":{"line":97,"column":21}}},"s":{"0":1,"1":1,"3":1,"4":1,"5":1,"6":1,"8":24,"9":24,"10":56,"11":24,"12":24,"13":24,"14":24,"15":24,"16":24,"18":24,"19":0,"20":0,"21":0,"22":0,"23":0,"24":0,"26":24,"27":24,"28":24,"29":22,"31":2,"32":2,"33":2,"34":2,"35":2,"36":0,"37":0,"38":0,"39":0,"40":0,"41":2,"42":2,"43":2,"44":2,"45":2,"46":2,"47":2,"48":2,"50":2,"51":2,"52":2,"53":2,"54":2,"55":2,"56":2,"57":2,"58":2,"59":2,"60":2,"61":2,"62":2,"63":2,"65":2,"66":2,"67":2,"68":2,"69":2,"70":2,"72":2,"73":2,"74":2,"75":2,"76":2,"77":2,"78":2,"80":2,"81":2,"82":2,"83":2,"84":2,"85":2,"86":2,"87":2,"88":2,"89":2,"90":2,"92":24,"94":24,"96":1},"branchMap":{"0":{"type":"branch","line":9,"loc":{"start":{"line":9,"column":0},"end":{"line":95,"column":1}},"locations":[{"start":{"line":9,"column":0},"end":{"line":95,"column":1}}]},"1":{"type":"branch","line":29,"loc":{"start":{"line":29,"column":7},"end":{"line":30,"column":19}},"locations":[{"start":{"line":29,"column":7},"end":{"line":30,"column":19}}]},"2":{"type":"branch","line":30,"loc":{"start":{"line":30,"column":17},"end":{"line":91,"column":11}},"locations":[{"start":{"line":30,"column":17},"end":{"line":91,"column":11}}]},"3":{"type":"branch","line":56,"loc":{"start":{"line":56,"column":23},"end":{"line":56,"column":34}},"locations":[{"start":{"line":56,"column":23},"end":{"line":56,"column":34}}]},"4":{"type":"branch","line":58,"loc":{"start":{"line":58,"column":25},"end":{"line":58,"column":43}},"locations":[{"start":{"line":58,"column":25},"end":{"line":58,"column":43}}]},"5":{"type":"branch","line":10,"loc":{"start":{"line":10,"column":30},"end":{"line":11,"column":64}},"locations":[{"start":{"line":10,"column":30},"end":{"line":11,"column":64}}]}},"b":{"0":[24],"1":[22],"2":[2],"3":[0],"4":[0],"5":[56]},"fnMap":{"0":{"name":"Cards","decl":{"start":{"line":9,"column":0},"end":{"line":95,"column":1}},"loc":{"start":{"line":9,"column":0},"end":{"line":95,"column":1}},"line":9},"1":{"name":"handleList","decl":{"start":{"line":19,"column":21},"end":{"line":25,"column":4}},"loc":{"start":{"line":19,"column":21},"end":{"line":25,"column":4}},"line":19},"2":{"name":"onError","decl":{"start":{"line":36,"column":21},"end":{"line":41,"column":14}},"loc":{"start":{"line":36,"column":21},"end":{"line":41,"column":14}},"line":36},"3":{"name":"onChange","decl":{"start":{"line":57,"column":26},"end":{"line":57,"column":45}},"loc":{"start":{"line":57,"column":26},"end":{"line":57,"column":45}},"line":57}},"f":{"0":24,"1":0,"2":0,"3":0}}
,"/Users/antoninatyurina/rsschool-react-course/src/components/ui/input/input.tsx": {"path":"/Users/antoninatyurina/rsschool-react-course/src/components/ui/input/input.tsx","all":false,"statementMap":{"0":{"start":{"line":1,"column":0},"end":{"line":1,"column":33}},"1":{"start":{"line":2,"column":0},"end":{"line":2,"column":51}},"2":{"start":{"line":3,"column":0},"end":{"line":3,"column":68}},"3":{"start":{"line":4,"column":0},"end":{"line":4,"column":49}},"4":{"start":{"line":5,"column":0},"end":{"line":5,"column":52}},"5":{"start":{"line":6,"column":0},"end":{"line":6,"column":39}},"7":{"start":{"line":8,"column":0},"end":{"line":8,"column":18}},"8":{"start":{"line":9,"column":0},"end":{"line":9,"column":36}},"9":{"start":{"line":10,"column":0},"end":{"line":10,"column":77}},"10":{"start":{"line":11,"column":0},"end":{"line":11,"column":72}},"11":{"start":{"line":12,"column":0},"end":{"line":12,"column":45}},"12":{"start":{"line":13,"column":0},"end":{"line":13,"column":60}},"14":{"start":{"line":15,"column":0},"end":{"line":15,"column":77}},"15":{"start":{"line":16,"column":0},"end":{"line":16,"column":27}},"16":{"start":{"line":17,"column":0},"end":{"line":17,"column":35}},"17":{"start":{"line":18,"column":0},"end":{"line":18,"column":4}},"19":{"start":{"line":20,"column":0},"end":{"line":20,"column":25}},"20":{"start":{"line":21,"column":0},"end":{"line":21,"column":27}},"21":{"start":{"line":22,"column":0},"end":{"line":22,"column":24}},"22":{"start":{"line":23,"column":0},"end":{"line":23,"column":5}},"23":{"start":{"line":24,"column":0},"end":{"line":24,"column":32}},"24":{"start":{"line":25,"column":0},"end":{"line":25,"column":35}},"25":{"start":{"line":26,"column":0},"end":{"line":26,"column":5}},"26":{"start":{"line":27,"column":0},"end":{"line":27,"column":23}},"27":{"start":{"line":28,"column":0},"end":{"line":28,"column":59}},"28":{"start":{"line":29,"column":0},"end":{"line":29,"column":5}},"29":{"start":{"line":30,"column":0},"end":{"line":30,"column":4}},"31":{"start":{"line":32,"column":0},"end":{"line":32,"column":10}},"32":{"start":{"line":33,"column":0},"end":{"line":33,"column":9}},"33":{"start":{"line":34,"column":0},"end":{"line":34,"column":12}},"34":{"start":{"line":35,"column":0},"end":{"line":35,"column":31}},"35":{"start":{"line":36,"column":0},"end":{"line":36,"column":18}},"36":{"start":{"line":37,"column":0},"end":{"line":37,"column":21}},"37":{"start":{"line":38,"column":0},"end":{"line":38,"column":19}},"38":{"start":{"line":39,"column":0},"end":{"line":39,"column":36}},"39":{"start":{"line":40,"column":0},"end":{"line":40,"column":33}},"40":{"start":{"line":41,"column":0},"end":{"line":41,"column":34}},"41":{"start":{"line":42,"column":0},"end":{"line":42,"column":8}},"42":{"start":{"line":43,"column":0},"end":{"line":43,"column":13}},"43":{"start":{"line":44,"column":0},"end":{"line":44,"column":35}},"44":{"start":{"line":45,"column":0},"end":{"line":45,"column":21}},"45":{"start":{"line":46,"column":0},"end":{"line":46,"column":25}},"46":{"start":{"line":47,"column":0},"end":{"line":47,"column":28}},"47":{"start":{"line":48,"column":0},"end":{"line":48,"column":7}},"49":{"start":{"line":50,"column":0},"end":{"line":50,"column":15}},"50":{"start":{"line":51,"column":0},"end":{"line":51,"column":10}},"52":{"start":{"line":53,"column":0},"end":{"line":53,"column":1}},"54":{"start":{"line":55,"column":0},"end":{"line":55,"column":21}}},"s":{"0":1,"1":1,"2":1,"3":1,"4":1,"5":1,"7":11,"8":11,"9":11,"10":11,"11":11,"12":11,"14":11,"15":1,"16":1,"17":1,"19":11,"20":1,"21":0,"22":0,"23":1,"24":1,"25":1,"26":1,"27":1,"28":1,"29":1,"31":11,"32":11,"33":11,"34":11,"35":11,"36":11,"37":11,"38":11,"39":11,"40":11,"41":11,"42":11,"43":11,"44":11,"45":11,"46":11,"47":11,"49":11,"50":11,"52":11,"54":1},"branchMap":{"0":{"type":"branch","line":8,"loc":{"start":{"line":8,"column":0},"end":{"line":53,"column":1}},"locations":[{"start":{"line":8,"column":0},"end":{"line":53,"column":1}}]},"1":{"type":"branch","line":10,"loc":{"start":{"line":10,"column":34},"end":{"line":10,"column":64}},"locations":[{"start":{"line":10,"column":34},"end":{"line":10,"column":64}}]},"2":{"type":"branch","line":11,"loc":{"start":{"line":11,"column":35},"end":{"line":11,"column":70}},"locations":[{"start":{"line":11,"column":35},"end":{"line":11,"column":70}}]},"3":{"type":"branch","line":11,"loc":{"start":{"line":11,"column":59},"end":{"line":11,"column":70}},"locations":[{"start":{"line":11,"column":59},"end":{"line":11,"column":70}}]},"4":{"type":"branch","line":15,"loc":{"start":{"line":15,"column":28},"end":{"line":18,"column":4}},"locations":[{"start":{"line":15,"column":28},"end":{"line":18,"column":4}}]},"5":{"type":"branch","line":20,"loc":{"start":{"line":20,"column":18},"end":{"line":30,"column":4}},"locations":[{"start":{"line":20,"column":18},"end":{"line":30,"column":4}}]},"6":{"type":"branch","line":21,"loc":{"start":{"line":21,"column":26},"end":{"line":23,"column":5}},"locations":[{"start":{"line":21,"column":26},"end":{"line":23,"column":5}}]}},"b":{"0":[11],"1":[23],"2":[23],"3":[15],"4":[1],"5":[1],"6":[0]},"fnMap":{"0":{"name":"Input","decl":{"start":{"line":8,"column":0},"end":{"line":53,"column":1}},"loc":{"start":{"line":8,"column":0},"end":{"line":53,"column":1}},"line":8},"1":{"name":"handleSearchValue","decl":{"start":{"line":15,"column":28},"end":{"line":18,"column":4}},"loc":{"start":{"line":15,"column":28},"end":{"line":18,"column":4}},"line":15},"2":{"name":"getData","decl":{"start":{"line":20,"column":18},"end":{"line":30,"column":4}},"loc":{"start":{"line":20,"column":18},"end":{"line":30,"column":4}},"line":20}},"f":{"0":11,"1":1,"2":1}}
,"/Users/antoninatyurina/rsschool-react-course/src/components/ui/pagination/pagination.tsx": {"path":"/Users/antoninatyurina/rsschool-react-course/src/components/ui/pagination/pagination.tsx","all":false,"statementMap":{"0":{"start":{"line":1,"column":0},"end":{"line":1,"column":75}},"1":{"start":{"line":2,"column":0},"end":{"line":2,"column":68}},"2":{"start":{"line":3,"column":0},"end":{"line":3,"column":68}},"3":{"start":{"line":4,"column":0},"end":{"line":4,"column":44}},"5":{"start":{"line":6,"column":0},"end":{"line":6,"column":23}},"6":{"start":{"line":7,"column":0},"end":{"line":7,"column":23}},"8":{"start":{"line":9,"column":0},"end":{"line":9,"column":62}},"10":{"start":{"line":11,"column":0},"end":{"line":11,"column":36}},"11":{"start":{"line":12,"column":0},"end":{"line":12,"column":60}},"13":{"start":{"line":14,"column":0},"end":{"line":14,"column":33}},"14":{"start":{"line":15,"column":0},"end":{"line":15,"column":35}},"15":{"start":{"line":16,"column":0},"end":{"line":16,"column":44}},"17":{"start":{"line":18,"column":0},"end":{"line":18,"column":30}},"18":{"start":{"line":19,"column":0},"end":{"line":19,"column":28}},"19":{"start":{"line":20,"column":0},"end":{"line":20,"column":30}},"20":{"start":{"line":21,"column":0},"end":{"line":21,"column":5}},"21":{"start":{"line":22,"column":0},"end":{"line":22,"column":41}},"22":{"start":{"line":23,"column":0},"end":{"line":23,"column":38}},"23":{"start":{"line":24,"column":0},"end":{"line":24,"column":4}},"25":{"start":{"line":26,"column":0},"end":{"line":26,"column":30}},"26":{"start":{"line":27,"column":0},"end":{"line":27,"column":19}},"27":{"start":{"line":28,"column":0},"end":{"line":28,"column":30}},"28":{"start":{"line":29,"column":0},"end":{"line":29,"column":5}},"29":{"start":{"line":30,"column":0},"end":{"line":30,"column":41}},"30":{"start":{"line":31,"column":0},"end":{"line":31,"column":23}},"31":{"start":{"line":32,"column":0},"end":{"line":32,"column":40}},"32":{"start":{"line":33,"column":0},"end":{"line":33,"column":5}},"33":{"start":{"line":34,"column":0},"end":{"line":34,"column":4}},"35":{"start":{"line":36,"column":0},"end":{"line":36,"column":24}},"36":{"start":{"line":37,"column":0},"end":{"line":37,"column":17}},"37":{"start":{"line":38,"column":0},"end":{"line":38,"column":33}},"38":{"start":{"line":39,"column":0},"end":{"line":39,"column":5}},"39":{"start":{"line":40,"column":0},"end":{"line":40,"column":4}},"41":{"start":{"line":42,"column":0},"end":{"line":42,"column":10}},"42":{"start":{"line":43,"column":0},"end":{"line":43,"column":8}},"43":{"start":{"line":44,"column":0},"end":{"line":44,"column":43}},"44":{"start":{"line":45,"column":0},"end":{"line":45,"column":22}},"45":{"start":{"line":46,"column":0},"end":{"line":46,"column":25}},"47":{"start":{"line":48,"column":0},"end":{"line":48,"column":13}},"48":{"start":{"line":49,"column":0},"end":{"line":49,"column":67}},"49":{"start":{"line":50,"column":0},"end":{"line":50,"column":21}},"50":{"start":{"line":51,"column":0},"end":{"line":51,"column":30}},"51":{"start":{"line":52,"column":0},"end":{"line":52,"column":33}},"52":{"start":{"line":53,"column":0},"end":{"line":53,"column":29}},"53":{"start":{"line":54,"column":0},"end":{"line":54,"column":7}},"55":{"start":{"line":56,"column":0},"end":{"line":56,"column":15}},"56":{"start":{"line":57,"column":0},"end":{"line":57,"column":58}},"57":{"start":{"line":58,"column":0},"end":{"line":58,"column":14}},"58":{"start":{"line":59,"column":0},"end":{"line":59,"column":12}},"59":{"start":{"line":60,"column":0},"end":{"line":60,"column":13}},"60":{"start":{"line":61,"column":0},"end":{"line":61,"column":65}},"61":{"start":{"line":62,"column":0},"end":{"line":62,"column":21}},"62":{"start":{"line":63,"column":0},"end":{"line":63,"column":30}},"63":{"start":{"line":64,"column":0},"end":{"line":64,"column":33}},"64":{"start":{"line":65,"column":0},"end":{"line":65,"column":27}},"65":{"start":{"line":66,"column":0},"end":{"line":66,"column":7}},"67":{"start":{"line":68,"column":0},"end":{"line":68,"column":15}},"68":{"start":{"line":69,"column":0},"end":{"line":69,"column":10}},"70":{"start":{"line":71,"column":0},"end":{"line":71,"column":1}},"72":{"start":{"line":73,"column":0},"end":{"line":73,"column":26}}},"s":{"0":1,"1":1,"2":1,"3":1,"5":13,"6":13,"8":13,"10":13,"11":13,"13":13,"14":13,"15":13,"17":13,"18":1,"19":1,"20":1,"21":1,"22":1,"23":1,"25":13,"26":0,"27":0,"28":0,"29":0,"30":0,"31":0,"32":0,"33":0,"35":13,"36":2,"37":0,"38":0,"39":2,"41":13,"42":13,"43":13,"44":13,"45":13,"47":13,"48":13,"49":13,"50":13,"51":13,"52":13,"53":13,"55":13,"56":13,"57":13,"58":13,"59":13,"60":13,"61":13,"62":13,"63":13,"64":13,"65":13,"67":13,"68":13,"70":13,"72":1},"branchMap":{"0":{"type":"branch","line":6,"loc":{"start":{"line":6,"column":0},"end":{"line":71,"column":1}},"locations":[{"start":{"line":6,"column":0},"end":{"line":71,"column":1}}]},"1":{"type":"branch","line":16,"loc":{"start":{"line":16,"column":24},"end":{"line":16,"column":40}},"locations":[{"start":{"line":16,"column":24},"end":{"line":16,"column":40}}]},"2":{"type":"branch","line":49,"loc":{"start":{"line":49,"column":28},"end":{"line":49,"column":53}},"locations":[{"start":{"line":49,"column":28},"end":{"line":49,"column":53}}]},"3":{"type":"branch","line":49,"loc":{"start":{"line":49,"column":38},"end":{"line":49,"column":67}},"locations":[{"start":{"line":49,"column":38},"end":{"line":49,"column":67}}]},"4":{"type":"branch","line":61,"loc":{"start":{"line":61,"column":26},"end":{"line":61,"column":51}},"locations":[{"start":{"line":61,"column":26},"end":{"line":61,"column":51}}]},"5":{"type":"branch","line":9,"loc":{"start":{"line":9,"column":30},"end":{"line":9,"column":60}},"locations":[{"start":{"line":9,"column":30},"end":{"line":9,"column":60}}]},"6":{"type":"branch","line":18,"loc":{"start":{"line":18,"column":23},"end":{"line":24,"column":4}},"locations":[{"start":{"line":18,"column":23},"end":{"line":24,"column":4}}]},"7":{"type":"branch","line":36,"loc":{"start":{"line":36,"column":17},"end":{"line":40,"column":4}},"locations":[{"start":{"line":36,"column":17},"end":{"line":40,"column":4}}]},"8":{"type":"branch","line":37,"loc":{"start":{"line":37,"column":16},"end":{"line":39,"column":5}},"locations":[{"start":{"line":37,"column":16},"end":{"line":39,"column":5}}]}},"b":{"0":[13],"1":[0],"2":[12],"3":[1],"4":[0],"5":[29],"6":[1],"7":[2],"8":[0]},"fnMap":{"0":{"name":"Pagination","decl":{"start":{"line":6,"column":0},"end":{"line":71,"column":1}},"loc":{"start":{"line":6,"column":0},"end":{"line":71,"column":1}},"line":6},"1":{"name":"increasePage","decl":{"start":{"line":18,"column":23},"end":{"line":24,"column":4}},"loc":{"start":{"line":18,"column":23},"end":{"line":24,"column":4}},"line":18},"2":{"name":"decreasePage","decl":{"start":{"line":26,"column":23},"end":{"line":34,"column":4}},"loc":{"start":{"line":26,"column":23},"end":{"line":34,"column":4}},"line":26},"3":{"name":"goBack","decl":{"start":{"line":36,"column":17},"end":{"line":40,"column":4}},"loc":{"start":{"line":36,"column":17},"end":{"line":40,"column":4}},"line":36}},"f":{"0":13,"1":1,"2":0,"3":2}}
,"/Users/antoninatyurina/rsschool-react-course/src/components/ui/spinner/spinner.tsx": {"path":"/Users/antoninatyurina/rsschool-react-course/src/components/ui/spinner/spinner.tsx","all":false,"statementMap":{"0":{"start":{"line":1,"column":0},"end":{"line":1,"column":41}},"2":{"start":{"line":3,"column":0},"end":{"line":3,"column":20}},"3":{"start":{"line":4,"column":0},"end":{"line":4,"column":10}},"4":{"start":{"line":5,"column":0},"end":{"line":5,"column":8}},"5":{"start":{"line":6,"column":0},"end":{"line":6,"column":57}},"6":{"start":{"line":7,"column":0},"end":{"line":7,"column":26}},"8":{"start":{"line":9,"column":0},"end":{"line":9,"column":45}},"9":{"start":{"line":10,"column":0},"end":{"line":10,"column":13}},"10":{"start":{"line":11,"column":0},"end":{"line":11,"column":17}},"11":{"start":{"line":12,"column":0},"end":{"line":12,"column":17}},"12":{"start":{"line":13,"column":0},"end":{"line":13,"column":17}},"13":{"start":{"line":14,"column":0},"end":{"line":14,"column":14}},"14":{"start":{"line":15,"column":0},"end":{"line":15,"column":12}},"15":{"start":{"line":16,"column":0},"end":{"line":16,"column":10}},"17":{"start":{"line":18,"column":0},"end":{"line":18,"column":1}},"19":{"start":{"line":20,"column":0},"end":{"line":20,"column":23}}},"s":{"0":1,"2":30,"3":30,"4":30,"5":30,"6":30,"8":30,"9":30,"10":30,"11":30,"12":30,"13":30,"14":30,"15":30,"17":30,"19":1},"branchMap":{"0":{"type":"branch","line":3,"loc":{"start":{"line":3,"column":0},"end":{"line":18,"column":1}},"locations":[{"start":{"line":3,"column":0},"end":{"line":18,"column":1}}]}},"b":{"0":[30]},"fnMap":{"0":{"name":"Spinner","decl":{"start":{"line":3,"column":0},"end":{"line":18,"column":1}},"loc":{"start":{"line":3,"column":0},"end":{"line":18,"column":1}},"line":3}},"f":{"0":30}}
,"/Users/antoninatyurina/rsschool-react-course/src/components/ui/themeButton/themeButton.tsx": {"path":"/Users/antoninatyurina/rsschool-react-course/src/components/ui/themeButton/themeButton.tsx","all":false,"statementMap":{"0":{"start":{"line":1,"column":0},"end":{"line":1,"column":35}},"1":{"start":{"line":2,"column":0},"end":{"line":2,"column":61}},"2":{"start":{"line":3,"column":0},"end":{"line":3,"column":44}},"4":{"start":{"line":5,"column":0},"end":{"line":5,"column":21}},"5":{"start":{"line":6,"column":0},"end":{"line":6,"column":48}},"6":{"start":{"line":7,"column":0},"end":{"line":7,"column":10}},"7":{"start":{"line":8,"column":0},"end":{"line":8,"column":39}},"8":{"start":{"line":9,"column":0},"end":{"line":9,"column":60}},"9":{"start":{"line":10,"column":0},"end":{"line":10,"column":23}},"10":{"start":{"line":11,"column":0},"end":{"line":11,"column":14}},"11":{"start":{"line":12,"column":0},"end":{"line":12,"column":22}},"12":{"start":{"line":13,"column":0},"end":{"line":13,"column":36}},"13":{"start":{"line":14,"column":0},"end":{"line":14,"column":22}},"14":{"start":{"line":15,"column":0},"end":{"line":15,"column":25}},"15":{"start":{"line":16,"column":0},"end":{"line":16,"column":27}},"16":{"start":{"line":17,"column":0},"end":{"line":17,"column":42}},"17":{"start":{"line":18,"column":0},"end":{"line":18,"column":24}},"18":{"start":{"line":19,"column":0},"end":{"line":19,"column":15}},"19":{"start":{"line":20,"column":0},"end":{"line":20,"column":14}},"20":{"start":{"line":21,"column":0},"end":{"line":21,"column":61}},"21":{"start":{"line":22,"column":0},"end":{"line":22,"column":24}},"22":{"start":{"line":23,"column":0},"end":{"line":23,"column":14}},"23":{"start":{"line":24,"column":0},"end":{"line":24,"column":23}},"24":{"start":{"line":25,"column":0},"end":{"line":25,"column":36}},"25":{"start":{"line":26,"column":0},"end":{"line":26,"column":22}},"26":{"start":{"line":27,"column":0},"end":{"line":27,"column":25}},"27":{"start":{"line":28,"column":0},"end":{"line":28,"column":28}},"28":{"start":{"line":29,"column":0},"end":{"line":29,"column":43}},"29":{"start":{"line":30,"column":0},"end":{"line":30,"column":15}},"30":{"start":{"line":31,"column":0},"end":{"line":31,"column":14}},"31":{"start":{"line":32,"column":0},"end":{"line":32,"column":10}},"33":{"start":{"line":34,"column":0},"end":{"line":34,"column":1}},"35":{"start":{"line":36,"column":0},"end":{"line":36,"column":24}}},"s":{"0":1,"1":1,"2":1,"4":2,"5":2,"6":2,"7":2,"8":2,"9":2,"10":2,"11":2,"12":2,"13":2,"14":2,"15":2,"16":2,"17":2,"18":2,"19":2,"20":2,"21":2,"22":2,"23":2,"24":2,"25":2,"26":2,"27":2,"28":2,"29":2,"30":2,"31":2,"33":2,"35":1},"branchMap":{"0":{"type":"branch","line":5,"loc":{"start":{"line":5,"column":0},"end":{"line":34,"column":1}},"locations":[{"start":{"line":5,"column":0},"end":{"line":34,"column":1}}]}},"b":{"0":[2]},"fnMap":{"0":{"name":"ThemeBtn","decl":{"start":{"line":5,"column":0},"end":{"line":34,"column":1}},"loc":{"start":{"line":5,"column":0},"end":{"line":34,"column":1}},"line":5},"1":{"name":"onClick","decl":{"start":{"line":17,"column":19},"end":{"line":17,"column":42}},"loc":{"start":{"line":17,"column":19},"end":{"line":17,"column":42}},"line":17},"2":{"name":"onClick","decl":{"start":{"line":29,"column":19},"end":{"line":29,"column":43}},"loc":{"start":{"line":29,"column":19},"end":{"line":29,"column":43}},"line":29}},"f":{"0":2,"1":0,"2":0}}
,"/Users/antoninatyurina/rsschool-react-course/src/components/utils/counterSlice.tsx": {"path":"/Users/antoninatyurina/rsschool-react-course/src/components/utils/counterSlice.tsx","all":false,"statementMap":{"0":{"start":{"line":1,"column":0},"end":{"line":1,"column":47}},"2":{"start":{"line":3,"column":0},"end":{"line":3,"column":22}},"3":{"start":{"line":4,"column":0},"end":{"line":4,"column":11}},"4":{"start":{"line":5,"column":0},"end":{"line":5,"column":2}},"6":{"start":{"line":7,"column":0},"end":{"line":7,"column":41}},"7":{"start":{"line":8,"column":0},"end":{"line":8,"column":18}},"8":{"start":{"line":9,"column":0},"end":{"line":9,"column":15}},"9":{"start":{"line":10,"column":0},"end":{"line":10,"column":13}},"10":{"start":{"line":11,"column":0},"end":{"line":11,"column":24}},"11":{"start":{"line":12,"column":0},"end":{"line":12,"column":23}},"12":{"start":{"line":13,"column":0},"end":{"line":13,"column":6}},"13":{"start":{"line":14,"column":0},"end":{"line":14,"column":24}},"14":{"start":{"line":15,"column":0},"end":{"line":15,"column":23}},"15":{"start":{"line":16,"column":0},"end":{"line":16,"column":6}},"17":{"start":{"line":18,"column":0},"end":{"line":18,"column":18}},"18":{"start":{"line":19,"column":0},"end":{"line":19,"column":39}},"19":{"start":{"line":20,"column":0},"end":{"line":20,"column":6}},"20":{"start":{"line":21,"column":0},"end":{"line":21,"column":4}},"21":{"start":{"line":22,"column":0},"end":{"line":22,"column":3}},"23":{"start":{"line":24,"column":0},"end":{"line":24,"column":72}},"24":{"start":{"line":25,"column":0},"end":{"line":25,"column":36}}},"s":{"0":1,"2":1,"3":1,"4":1,"6":1,"7":1,"8":1,"9":1,"10":1,"11":1,"12":1,"13":1,"14":0,"15":0,"17":1,"18":0,"19":0,"20":1,"21":1,"23":1,"24":1},"branchMap":{"0":{"type":"branch","line":11,"loc":{"start":{"line":11,"column":4},"end":{"line":13,"column":6}},"locations":[{"start":{"line":11,"column":4},"end":{"line":13,"column":6}}]}},"b":{"0":[1]},"fnMap":{"0":{"name":"incremented","decl":{"start":{"line":11,"column":4},"end":{"line":13,"column":6}},"loc":{"start":{"line":11,"column":4},"end":{"line":13,"column":6}},"line":11},"1":{"name":"decremented","decl":{"start":{"line":14,"column":4},"end":{"line":16,"column":6}},"loc":{"start":{"line":14,"column":4},"end":{"line":16,"column":6}},"line":14},"2":{"name":"reset","decl":{"start":{"line":18,"column":4},"end":{"line":20,"column":6}},"loc":{"start":{"line":18,"column":4},"end":{"line":20,"column":6}},"line":18}},"f":{"0":1,"1":0,"2":0}}
,"/Users/antoninatyurina/rsschool-react-course/src/components/utils/errorBoundary.tsx": {"path":"/Users/antoninatyurina/rsschool-react-course/src/components/utils/errorBoundary.tsx","all":false,"statementMap":{"0":{"start":{"line":1,"column":0},"end":{"line":1,"column":34}},"2":{"start":{"line":3,"column":0},"end":{"line":3,"column":47}},"4":{"start":{"line":5,"column":0},"end":{"line":5,"column":55}},"5":{"start":{"line":6,"column":0},"end":{"line":6,"column":30}},"6":{"start":{"line":7,"column":0},"end":{"line":7,"column":17}},"7":{"start":{"line":8,"column":0},"end":{"line":8,"column":37}},"8":{"start":{"line":9,"column":0},"end":{"line":9,"column":3}},"10":{"start":{"line":11,"column":0},"end":{"line":11,"column":35}},"11":{"start":{"line":12,"column":0},"end":{"line":12,"column":16}},"12":{"start":{"line":13,"column":0},"end":{"line":13,"column":40}},"13":{"start":{"line":14,"column":0},"end":{"line":14,"column":5}},"14":{"start":{"line":15,"column":0},"end":{"line":15,"column":3}},"16":{"start":{"line":17,"column":0},"end":{"line":17,"column":17}},"17":{"start":{"line":18,"column":0},"end":{"line":18,"column":29}},"18":{"start":{"line":19,"column":0},"end":{"line":19,"column":3}},"20":{"start":{"line":21,"column":0},"end":{"line":21,"column":12}},"21":{"start":{"line":22,"column":0},"end":{"line":22,"column":36}},"22":{"start":{"line":23,"column":0},"end":{"line":23,"column":19}},"23":{"start":{"line":24,"column":0},"end":{"line":24,"column":14}},"24":{"start":{"line":25,"column":0},"end":{"line":25,"column":40}},"25":{"start":{"line":26,"column":0},"end":{"line":26,"column":42}},"26":{"start":{"line":27,"column":0},"end":{"line":27,"column":17}},"27":{"start":{"line":28,"column":0},"end":{"line":28,"column":39}},"28":{"start":{"line":29,"column":0},"end":{"line":29,"column":25}},"29":{"start":{"line":30,"column":0},"end":{"line":30,"column":38}},"30":{"start":{"line":31,"column":0},"end":{"line":31,"column":11}},"32":{"start":{"line":33,"column":0},"end":{"line":33,"column":19}},"33":{"start":{"line":34,"column":0},"end":{"line":34,"column":14}},"35":{"start":{"line":36,"column":0},"end":{"line":36,"column":5}},"36":{"start":{"line":37,"column":0},"end":{"line":37,"column":36}},"37":{"start":{"line":38,"column":0},"end":{"line":38,"column":20}},"38":{"start":{"line":39,"column":0},"end":{"line":39,"column":3}},"39":{"start":{"line":40,"column":0},"end":{"line":40,"column":1}},"41":{"start":{"line":42,"column":0},"end":{"line":42,"column":29}}},"s":{"0":1,"2":1,"4":1,"5":1,"6":2,"7":2,"8":2,"10":1,"11":0,"12":0,"13":0,"14":0,"16":1,"17":0,"18":0,"20":1,"21":2,"22":2,"23":0,"24":0,"25":0,"26":0,"27":0,"28":0,"29":0,"30":0,"32":0,"33":0,"35":0,"36":2,"37":2,"38":2,"39":1,"41":1},"branchMap":{"0":{"type":"branch","line":6,"loc":{"start":{"line":6,"column":2},"end":{"line":9,"column":3}},"locations":[{"start":{"line":6,"column":2},"end":{"line":9,"column":3}}]},"1":{"type":"branch","line":21,"loc":{"start":{"line":21,"column":2},"end":{"line":39,"column":3}},"locations":[{"start":{"line":21,"column":2},"end":{"line":39,"column":3}}]},"2":{"type":"branch","line":23,"loc":{"start":{"line":23,"column":18},"end":{"line":36,"column":5}},"locations":[{"start":{"line":23,"column":18},"end":{"line":36,"column":5}}]}},"b":{"0":[2],"1":[2],"2":[0]},"fnMap":{"0":{"name":"ErrorBoundary","decl":{"start":{"line":6,"column":2},"end":{"line":9,"column":3}},"loc":{"start":{"line":6,"column":2},"end":{"line":9,"column":3}},"line":6},"1":{"name":"componentDidCatch","decl":{"start":{"line":11,"column":2},"end":{"line":15,"column":3}},"loc":{"start":{"line":11,"column":2},"end":{"line":15,"column":3}},"line":11},"2":{"name":"refreshPage","decl":{"start":{"line":17,"column":2},"end":{"line":19,"column":3}},"loc":{"start":{"line":17,"column":2},"end":{"line":19,"column":3}},"line":17},"3":{"name":"render","decl":{"start":{"line":21,"column":2},"end":{"line":39,"column":3}},"loc":{"start":{"line":21,"column":2},"end":{"line":39,"column":3}},"line":21}},"f":{"0":2,"1":0,"2":0,"3":2}}
,"/Users/antoninatyurina/rsschool-react-course/src/components/utils/favouritesSlice.tsx": {"path":"/Users/antoninatyurina/rsschool-react-course/src/components/utils/favouritesSlice.tsx","all":false,"statementMap":{"0":{"start":{"line":1,"column":0},"end":{"line":1,"column":47}},"3":{"start":{"line":4,"column":0},"end":{"line":4,"column":34}},"5":{"start":{"line":6,"column":0},"end":{"line":6,"column":44}},"6":{"start":{"line":7,"column":0},"end":{"line":7,"column":21}},"7":{"start":{"line":8,"column":0},"end":{"line":8,"column":15}},"8":{"start":{"line":9,"column":0},"end":{"line":9,"column":13}},"9":{"start":{"line":10,"column":0},"end":{"line":10,"column":34}},"10":{"start":{"line":11,"column":0},"end":{"line":11,"column":33}},"11":{"start":{"line":12,"column":0},"end":{"line":12,"column":6}},"12":{"start":{"line":13,"column":0},"end":{"line":13,"column":39}},"13":{"start":{"line":14,"column":0},"end":{"line":14,"column":39}},"14":{"start":{"line":15,"column":0},"end":{"line":15,"column":25}},"15":{"start":{"line":16,"column":0},"end":{"line":16,"column":72}},"16":{"start":{"line":17,"column":0},"end":{"line":17,"column":7}},"17":{"start":{"line":18,"column":0},"end":{"line":18,"column":43}},"18":{"start":{"line":19,"column":0},"end":{"line":19,"column":6}},"19":{"start":{"line":20,"column":0},"end":{"line":20,"column":4}},"20":{"start":{"line":21,"column":0},"end":{"line":21,"column":3}},"22":{"start":{"line":23,"column":0},"end":{"line":23,"column":67}},"23":{"start":{"line":24,"column":0},"end":{"line":24,"column":39}}},"s":{"0":1,"3":1,"5":1,"6":1,"7":1,"8":1,"9":1,"10":0,"11":0,"12":1,"13":0,"14":0,"15":0,"16":0,"17":0,"18":0,"19":1,"20":1,"22":1,"23":1},"branchMap":{},"b":{},"fnMap":{"0":{"name":"addToFav","decl":{"start":{"line":10,"column":14},"end":{"line":12,"column":6}},"loc":{"start":{"line":10,"column":14},"end":{"line":12,"column":6}},"line":10},"1":{"name":"deleteFromFav","decl":{"start":{"line":13,"column":19},"end":{"line":19,"column":6}},"loc":{"start":{"line":13,"column":19},"end":{"line":19,"column":6}},"line":13}},"f":{"0":0,"1":0}}
,"/Users/antoninatyurina/rsschool-react-course/src/components/utils/interface.tsx": {"path":"/Users/antoninatyurina/rsschool-react-course/src/components/utils/interface.tsx","all":true,"statementMap":{},"s":{},"branchMap":{"0":{"type":"branch","line":1,"loc":{"start":{"line":1,"column":679},"end":{"line":43,"column":2}},"locations":[{"start":{"line":1,"column":679},"end":{"line":43,"column":2}}]}},"b":{"0":[1]},"fnMap":{"0":{"name":"(empty-report)","decl":{"start":{"line":1,"column":679},"end":{"line":43,"column":2}},"loc":{"start":{"line":1,"column":679},"end":{"line":43,"column":2}},"line":1}},"f":{"0":1}}
,"/Users/antoninatyurina/rsschool-react-course/src/components/utils/searchSlice.tsx": {"path":"/Users/antoninatyurina/rsschool-react-course/src/components/utils/searchSlice.tsx","all":false,"statementMap":{"0":{"start":{"line":1,"column":0},"end":{"line":1,"column":47}},"2":{"start":{"line":3,"column":0},"end":{"line":3,"column":22}},"3":{"start":{"line":4,"column":0},"end":{"line":4,"column":12}},"4":{"start":{"line":5,"column":0},"end":{"line":5,"column":2}},"6":{"start":{"line":7,"column":0},"end":{"line":7,"column":46}},"7":{"start":{"line":8,"column":0},"end":{"line":8,"column":17}},"8":{"start":{"line":9,"column":0},"end":{"line":9,"column":15}},"9":{"start":{"line":10,"column":0},"end":{"line":10,"column":13}},"10":{"start":{"line":11,"column":0},"end":{"line":11,"column":35}},"11":{"start":{"line":12,"column":0},"end":{"line":12,"column":35}},"12":{"start":{"line":13,"column":0},"end":{"line":13,"column":6}},"13":{"start":{"line":14,"column":0},"end":{"line":14,"column":4}},"14":{"start":{"line":15,"column":0},"end":{"line":15,"column":3}},"16":{"start":{"line":17,"column":0},"end":{"line":17,"column":55}},"17":{"start":{"line":18,"column":0},"end":{"line":18,"column":41}}},"s":{"0":1,"2":1,"3":1,"4":1,"6":1,"7":1,"8":1,"9":1,"10":1,"11":1,"12":1,"13":1,"14":1,"16":1,"17":1},"branchMap":{"0":{"type":"branch","line":11,"loc":{"start":{"line":11,"column":15},"end":{"line":13,"column":6}},"locations":[{"start":{"line":11,"column":15},"end":{"line":13,"column":6}}]}},"b":{"0":[1]},"fnMap":{"0":{"name":"setSearch","decl":{"start":{"line":11,"column":15},"end":{"line":13,"column":6}},"loc":{"start":{"line":11,"column":15},"end":{"line":13,"column":6}},"line":11}},"f":{"0":1}}
,"/Users/antoninatyurina/rsschool-react-course/src/components/utils/test-utils.tsx": {"path":"/Users/antoninatyurina/rsschool-react-course/src/components/utils/test-utils.tsx","all":false,"statementMap":{"0":{"start":{"line":1,"column":0},"end":{"line":1,"column":49}},"1":{"start":{"line":2,"column":0},"end":{"line":2,"column":48}},"3":{"start":{"line":4,"column":0},"end":{"line":4,"column":39}},"6":{"start":{"line":7,"column":0},"end":{"line":7,"column":45}},"18":{"start":{"line":19,"column":0},"end":{"line":19,"column":44}},"19":{"start":{"line":20,"column":0},"end":{"line":20,"column":25}},"20":{"start":{"line":21,"column":0},"end":{"line":21,"column":3}},"21":{"start":{"line":22,"column":0},"end":{"line":22,"column":24}},"22":{"start":{"line":23,"column":0},"end":{"line":23,"column":39}},"23":{"start":{"line":24,"column":0},"end":{"line":24,"column":20}},"24":{"start":{"line":25,"column":0},"end":{"line":25,"column":31}},"25":{"start":{"line":26,"column":0},"end":{"line":26,"column":3}},"26":{"start":{"line":27,"column":0},"end":{"line":27,"column":74}},"27":{"start":{"line":28,"column":0},"end":{"line":28,"column":57}},"28":{"start":{"line":29,"column":0},"end":{"line":29,"column":3}},"29":{"start":{"line":30,"column":0},"end":{"line":30,"column":74}},"30":{"start":{"line":31,"column":0},"end":{"line":31,"column":1}}},"s":{"0":1,"1":1,"3":1,"6":1,"18":5,"19":5,"20":5,"21":5,"22":5,"23":5,"24":5,"25":5,"26":5,"27":5,"28":5,"29":5,"30":5},"branchMap":{"0":{"type":"branch","line":19,"loc":{"start":{"line":19,"column":0},"end":{"line":31,"column":1}},"locations":[{"start":{"line":19,"column":0},"end":{"line":31,"column":1}}]},"1":{"type":"branch","line":27,"loc":{"start":{"line":27,"column":2},"end":{"line":29,"column":3}},"locations":[{"start":{"line":27,"column":2},"end":{"line":29,"column":3}}]}},"b":{"0":[5],"1":[5]},"fnMap":{"0":{"name":"renderWithProviders","decl":{"start":{"line":19,"column":0},"end":{"line":31,"column":1}},"loc":{"start":{"line":19,"column":0},"end":{"line":31,"column":1}},"line":19},"1":{"name":"Wrapper","decl":{"start":{"line":27,"column":2},"end":{"line":29,"column":3}},"loc":{"start":{"line":27,"column":2},"end":{"line":29,"column":3}},"line":27}},"f":{"0":5,"1":5}}
,"/Users/antoninatyurina/rsschool-react-course/src/context/themeContext.tsx": {"path":"/Users/antoninatyurina/rsschool-react-course/src/context/themeContext.tsx","all":false,"statementMap":{"0":{"start":{"line":1,"column":0},"end":{"line":1,"column":68}},"11":{"start":{"line":12,"column":0},"end":{"line":12,"column":61}},"12":{"start":{"line":13,"column":0},"end":{"line":13,"column":20}},"13":{"start":{"line":14,"column":0},"end":{"line":14,"column":21}},"14":{"start":{"line":15,"column":0},"end":{"line":15,"column":3}},"16":{"start":{"line":17,"column":0},"end":{"line":17,"column":39}},"17":{"start":{"line":18,"column":0},"end":{"line":18,"column":11}},"18":{"start":{"line":19,"column":0},"end":{"line":19,"column":19}},"19":{"start":{"line":20,"column":0},"end":{"line":20,"column":19}},"20":{"start":{"line":21,"column":0},"end":{"line":21,"column":50}},"21":{"start":{"line":22,"column":0},"end":{"line":22,"column":70}},"23":{"start":{"line":24,"column":0},"end":{"line":24,"column":10}},"24":{"start":{"line":25,"column":0},"end":{"line":25,"column":75}},"26":{"start":{"line":27,"column":0},"end":{"line":27,"column":1}}},"s":{"0":1,"11":1,"12":1,"13":1,"14":1,"16":0,"17":0,"18":0,"19":0,"20":0,"21":0,"23":0,"24":0,"26":0},"branchMap":{},"b":{},"fnMap":{"0":{"name":"setTheme","decl":{"start":{"line":14,"column":12},"end":{"line":14,"column":21}},"loc":{"start":{"line":14,"column":12},"end":{"line":14,"column":21}},"line":14},"1":{"name":"ThemeProvider","decl":{"start":{"line":17,"column":0},"end":{"line":27,"column":1}},"loc":{"start":{"line":17,"column":0},"end":{"line":27,"column":1}},"line":17}},"f":{"0":0,"1":0}}
}
